<?xml version="1.0" encoding="UTF-8"?>
<!-- Generated by org.testng.reporters.JUnitReportReporter -->
<testsuite hostname="BLR1-LHP-N71616" failures="0" tests="1" name="testcase.AmazonWebPage" time="4.437" errors="0" timestamp="2021-11-29T08:35:34 IST" skipped="0">
  <testcase classname="testcase.AmazonWebPage" name="LoginApp" time="4.437"/>
  <system-out/>
</testsuite> <!-- testcase.AmazonWebPage -->
