<?xml version="1.0" encoding="UTF-8"?>
<!-- Generated by org.testng.reporters.JUnitReportReporter -->
<testsuite hostname="BLR1-LHP-N71616" failures="0" tests="1" name="Automation" time="0.005" errors="0" timestamp="2021-11-26T21:04:26 IST" skipped="0">
  <testcase classname="Automation" name="Sample" time="0.005"/>
  <system-out/>
</testsuite> <!-- Automation -->
